Mon May  4 23:02:11 2015
tid:-61044464 /home/mark/src/dbt2/src/libpq/dbc_new_order.c:111
ERROR:  deadlock detected
DETAIL:  Process 38352 waits for ShareLock on transaction 10887080; blocked by process 38346.
Process 38346 waits for ShareLock on transaction 10887081; blocked by process 38352.
HINT:  See server log for query details.
CONTEXT:  while updating tuple (5312,185) in relation "stock"
SQL statement "UPDATE stock
SET s_quantity = s_quantity - $1
WHERE s_i_id = $2
  AND s_w_id = $3"

Mon May  4 23:04:45 2015
tid:-60258032 /home/mark/src/dbt2/src/libpq/dbc_new_order.c:111
ERROR:  deadlock detected
DETAIL:  Process 38346 waits for ShareLock on transaction 11056186; blocked by process 38350.
Process 38350 waits for ShareLock on transaction 11056188; blocked by process 38346.
HINT:  See server log for query details.
CONTEXT:  while updating tuple (255,15) in relation "stock"
SQL statement "UPDATE stock
SET s_quantity = s_quantity - $1
WHERE s_i_id = $2
  AND s_w_id = $3"

Mon May  4 23:07:16 2015
tid:-62486256 /home/mark/src/dbt2/src/client_interface.c:33
socket closed on _receive
Mon May  4 23:07:16 2015
tid:-61830896 /home/mark/src/dbt2/src/client_interface.c:33
socket closed on _receive
Mon May  4 23:07:16 2015
tid:-61699824 /home/mark/src/dbt2/src/client_interface.c:33
socket closed on _receive
Mon May  4 23:07:16 2015
tid:-61568752 /home/mark/src/dbt2/src/client_interface.c:33
socket closed on _receive
Mon May  4 23:07:16 2015
tid:-62355184 /home/mark/src/dbt2/src/client_interface.c:33
socket closed on _receive
Mon May  4 23:07:16 2015
tid:-62224112 /home/mark/src/dbt2/src/client_interface.c:33
socket closed on _receive
Mon May  4 23:07:16 2015
tid:-61961968 /home/mark/src/dbt2/src/client_interface.c:33
socket closed on _receive
Mon May  4 23:07:16 2015
tid:-46597872 /home/mark/src/dbt2/src/client_interface.c:33
socket closed on _receive
Mon May  4 23:07:16 2015
tid:-62093040 /home/mark/src/dbt2/src/client_interface.c:33
socket closed on _receive
Mon May  4 23:07:16 2015
tid:-50079472 /home/mark/src/dbt2/src/client_interface.c:33
socket closed on _receive
